  [4;36;1mSQL (0.3ms)[0m   [0;1m SELECT name
 FROM sqlite_master
 WHERE type = 'table' AND NOT name = 'sqlite_sequence'
[0m
  [4;35;1mSQL (0.1ms)[0m   [0mselect sqlite_version(*)[0m
  [4;36;1mSQL (2.2ms)[0m   [0;1mCREATE TABLE "schema_migrations" ("version" varchar(255) NOT NULL) [0m
  [4;35;1mSQL (0.1ms)[0m   [0mPRAGMA index_list("schema_migrations")[0m
  [4;36;1mSQL (1.7ms)[0m   [0;1mCREATE UNIQUE INDEX "unique_schema_migrations" ON "schema_migrations" ("version")[0m
  [4;35;1mSQL (0.1ms)[0m   [0m SELECT name
 FROM sqlite_master
 WHERE type = 'table' AND NOT name = 'sqlite_sequence'
[0m
  [4;36;1mSQL (0.1ms)[0m   [0;1mSELECT version FROM schema_migrations[0m
Migrating to CreateGuidePageSequences (20100702172901)
  [4;35;1mSQL (0.5ms)[0m   [0mCREATE TABLE "guide_page_sequences" ("id" INTEGER PRIMARY KEY AUTOINCREMENT NOT NULL, "created_at" datetime, "updated_at" datetime) [0m
  [4;36;1mSQL (0.1ms)[0m   [0;1mINSERT INTO schema_migrations (version) VALUES ('20100702172901')[0m
Migrating to CreateGuidePages (20100702172916)
  [4;35;1mSQL (0.5ms)[0m   [0mCREATE TABLE "guide_pages" ("id" INTEGER PRIMARY KEY AUTOINCREMENT NOT NULL, "guide_page_sequence_id" integer, "index" integer, "title" varchar(255), "introText" text, "firstDialogTurn_id" integer, "dataSeries_id" integer, "axes_id" integer, "sensorAppletShouldBeEnabled" boolean, "shoulDdShowImage" boolean, "created_at" datetime, "updated_at" datetime) [0m
  [4;36;1mSQL (0.2ms)[0m   [0;1mINSERT INTO schema_migrations (version) VALUES ('20100702172916')[0m
  [4;35;1mSQL (0.3ms)[0m   [0m SELECT name
 FROM sqlite_master
 WHERE type = 'table' AND NOT name = 'sqlite_sequence'
[0m
  [4;36;1mSQL (0.1ms)[0m   [0;1mSELECT version FROM schema_migrations[0m
  [4;35;1mSQL (0.1ms)[0m   [0m SELECT name
 FROM sqlite_master
 WHERE type = 'table' AND NOT name = 'sqlite_sequence'
[0m
  [4;36;1mSQL (1.6ms)[0m   [0;1mPRAGMA index_list("guide_page_sequences")[0m
  [4;35;1mSQL (0.1ms)[0m   [0mPRAGMA index_list("guide_pages")[0m
  [4;36;1mSQL (0.5ms)[0m   [0;1m SELECT name
 FROM sqlite_master
 WHERE type = 'table' AND NOT name = 'sqlite_sequence'
[0m
  [4;35;1mSQL (0.1ms)[0m   [0mSELECT version FROM schema_migrations[0m
  [4;36;1mSQL (0.1ms)[0m   [0;1m SELECT name
 FROM sqlite_master
 WHERE type = 'table' AND NOT name = 'sqlite_sequence'
[0m
  [4;35;1mSQL (0.1ms)[0m   [0mSELECT version FROM schema_migrations[0m
Migrating to CreateGuidePages (20100702172916)
  [4;36;1mSQL (0.1ms)[0m   [0;1mselect sqlite_version(*)[0m
  [4;35;1mSQL (0.7ms)[0m   [0mDROP TABLE "guide_pages"[0m
  [4;36;1mSQL (0.1ms)[0m   [0;1mDELETE FROM schema_migrations WHERE version = '20100702172916'[0m
  [4;35;1mSQL (0.4ms)[0m   [0m SELECT name
 FROM sqlite_master
 WHERE type = 'table' AND NOT name = 'sqlite_sequence'
[0m
  [4;36;1mSQL (0.1ms)[0m   [0;1mSELECT version FROM schema_migrations[0m
  [4;35;1mSQL (0.1ms)[0m   [0m SELECT name
 FROM sqlite_master
 WHERE type = 'table' AND NOT name = 'sqlite_sequence'
[0m
  [4;36;1mSQL (0.1ms)[0m   [0;1mPRAGMA index_list("guide_page_sequences")[0m
  [4;36;1mSQL (0.5ms)[0m   [0;1m SELECT name
 FROM sqlite_master
 WHERE type = 'table' AND NOT name = 'sqlite_sequence'
[0m
  [4;35;1mSQL (0.1ms)[0m   [0mselect sqlite_version(*)[0m
  [4;36;1mSQL (0.2ms)[0m   [0;1m SELECT name
 FROM sqlite_master
 WHERE type = 'table' AND NOT name = 'sqlite_sequence'
[0m
  [4;35;1mSQL (0.1ms)[0m   [0mSELECT version FROM schema_migrations[0m
  [4;36;1mSQL (0.1ms)[0m   [0;1m SELECT name
 FROM sqlite_master
 WHERE type = 'table' AND NOT name = 'sqlite_sequence'
[0m
  [4;35;1mSQL (0.1ms)[0m   [0mPRAGMA index_list("guide_page_sequences")[0m
  [4;36;1mSQL (0.5ms)[0m   [0;1m SELECT name
 FROM sqlite_master
 WHERE type = 'table' AND NOT name = 'sqlite_sequence'
[0m
  [4;35;1mSQL (0.2ms)[0m   [0mSELECT version FROM schema_migrations[0m
Migrating to CreateGuidePageSequences (20100702173842)
  [4;36;1mSQL (0.1ms)[0m   [0;1mselect sqlite_version(*)[0m
  [4;35;1mSQL (0.0ms)[0m   [0mSQLite3::SQLException: table "guide_page_sequences" already exists: CREATE TABLE "guide_page_sequences" ("id" INTEGER PRIMARY KEY AUTOINCREMENT NOT NULL, "guid" varchar(255), "created_at" datetime, "updated_at" datetime) [0m
  [4;36;1mSQL (0.3ms)[0m   [0;1m SELECT name
 FROM sqlite_master
 WHERE type = 'table' AND NOT name = 'sqlite_sequence'
[0m
  [4;35;1mSQL (0.1ms)[0m   [0mselect sqlite_version(*)[0m
  [4;36;1mSQL (2.4ms)[0m   [0;1mCREATE TABLE "schema_migrations" ("version" varchar(255) NOT NULL) [0m
  [4;35;1mSQL (0.1ms)[0m   [0mPRAGMA index_list("schema_migrations")[0m
  [4;36;1mSQL (1.5ms)[0m   [0;1mCREATE UNIQUE INDEX "unique_schema_migrations" ON "schema_migrations" ("version")[0m
  [4;35;1mSQL (0.2ms)[0m   [0m SELECT name
 FROM sqlite_master
 WHERE type = 'table' AND NOT name = 'sqlite_sequence'
[0m
  [4;36;1mSQL (0.1ms)[0m   [0;1mSELECT version FROM schema_migrations[0m
Migrating to CreateGuidePageSequences (20100702173842)
  [4;35;1mSQL (0.5ms)[0m   [0mCREATE TABLE "guide_page_sequences" ("id" INTEGER PRIMARY KEY AUTOINCREMENT NOT NULL, "guid" varchar(255), "created_at" datetime, "updated_at" datetime) [0m
  [4;36;1mSQL (0.1ms)[0m   [0;1mINSERT INTO schema_migrations (version) VALUES ('20100702173842')[0m
Migrating to CreateGuidePages (20100702173922)
  [4;35;1mSQL (0.6ms)[0m   [0mCREATE TABLE "guide_pages" ("id" INTEGER PRIMARY KEY AUTOINCREMENT NOT NULL, "guide_page_sequence_id" varchar(255), "index" integer, "title" varchar(255), "introText" text, "firstDialogTurn_id" varchar(255), "dataSeries_id" varchar(255), "axes_id" varchar(255), "sensorAppletShouldBeEnabled" boolean, "shoulDdShowImage" boolean, "created_at" datetime, "updated_at" datetime) [0m
  [4;36;1mSQL (0.1ms)[0m   [0;1mINSERT INTO schema_migrations (version) VALUES ('20100702173922')[0m
  [4;35;1mSQL (0.2ms)[0m   [0m SELECT name
 FROM sqlite_master
 WHERE type = 'table' AND NOT name = 'sqlite_sequence'
[0m
  [4;36;1mSQL (0.1ms)[0m   [0;1mSELECT version FROM schema_migrations[0m
  [4;35;1mSQL (0.1ms)[0m   [0m SELECT name
 FROM sqlite_master
 WHERE type = 'table' AND NOT name = 'sqlite_sequence'
[0m
  [4;36;1mSQL (0.1ms)[0m   [0;1mPRAGMA index_list("guide_page_sequences")[0m
  [4;35;1mSQL (0.1ms)[0m   [0mPRAGMA index_list("guide_pages")[0m
  [4;36;1mSQL (0.6ms)[0m   [0;1m SELECT name
 FROM sqlite_master
 WHERE type = 'table' AND NOT name = 'sqlite_sequence'
[0m
  [4;35;1mSQL (0.2ms)[0m   [0mSELECT version FROM schema_migrations[0m
Migrating to CreateGuidePageSequences (20100702173842)
Migrating to CreateGuidePages (20100702173922)
Migrating to CreateDialogTurns (20100702220841)
  [4;36;1mSQL (0.1ms)[0m   [0;1mselect sqlite_version(*)[0m
  [4;35;1mSQL (0.6ms)[0m   [0mCREATE TABLE "dialog_turns" ("id" INTEGER PRIMARY KEY AUTOINCREMENT NOT NULL, "guid" varchar(255), "beforeText" text, "responseTemplate_id" varchar(255), "responseVerifier_id" varchar(255), "staticAnnotations_id" integer, "nextTurnButtonTitle" varchar(255), "nextTurnForNominalResponse_id" varchar(255), "nextTurnForIncorrectResponse_id" varchar(255), "isLastTurn" boolean, "shouldAutoAdvance" boolean, "created_at" datetime, "updated_at" datetime) [0m
  [4;36;1mSQL (0.2ms)[0m   [0;1mINSERT INTO schema_migrations (version) VALUES ('20100702220841')[0m
Migrating to CreateStaticAnnotations (20100702220848)
  [4;35;1mSQL (16.1ms)[0m   [0mCREATE TABLE "static_annotations" ("id" INTEGER PRIMARY KEY AUTOINCREMENT NOT NULL, "guid" varchar(255), "type" varchar(255), "points_id" varchar(255), "created_at" datetime, "updated_at" datetime) [0m
  [4;36;1mSQL (0.2ms)[0m   [0;1mINSERT INTO schema_migrations (version) VALUES ('20100702220848')[0m
Migrating to CreateDialogTurnStaticAnnotationJoinTable (20100702220856)
  [4;35;1mSQL (0.4ms)[0m   [0mCREATE TABLE "dialog_turns_static_annotations" ("dialog_turn_id" integer, "static_annotation_id" integer) [0m
  [4;36;1mSQL (0.1ms)[0m   [0;1mINSERT INTO schema_migrations (version) VALUES ('20100702220856')[0m
  [4;35;1mSQL (1.1ms)[0m   [0m SELECT name
 FROM sqlite_master
 WHERE type = 'table' AND NOT name = 'sqlite_sequence'
[0m
  [4;36;1mSQL (0.4ms)[0m   [0;1mSELECT version FROM schema_migrations[0m
  [4;35;1mSQL (1.2ms)[0m   [0m SELECT name
 FROM sqlite_master
 WHERE type = 'table' AND NOT name = 'sqlite_sequence'
[0m
  [4;36;1mSQL (0.1ms)[0m   [0;1mPRAGMA index_list("dialog_turns")[0m
  [4;35;1mSQL (0.0ms)[0m   [0mPRAGMA index_list("dialog_turns_static_annotations")[0m
  [4;36;1mSQL (0.0ms)[0m   [0;1mPRAGMA index_list("guide_page_sequences")[0m
  [4;35;1mSQL (0.0ms)[0m   [0mPRAGMA index_list("guide_pages")[0m
  [4;36;1mSQL (0.0ms)[0m   [0;1mPRAGMA index_list("static_annotations")[0m
  [4;36;1mSQL (2.4ms)[0m   [0;1m SELECT name
 FROM sqlite_master
 WHERE type = 'table' AND NOT name = 'sqlite_sequence'
[0m
  [4;35;1mSQL (0.2ms)[0m   [0mSELECT version FROM schema_migrations[0m
Migrating to CreateGuidePageSequences (20100702173842)
Migrating to CreateGuidePages (20100702173922)
Migrating to CreateDialogTurns (20100702220841)
Migrating to CreateStaticAnnotations (20100702220848)
Migrating to CreateDialogTurnStaticAnnotationJoinTable (20100702220856)
  [4;36;1mSQL (0.2ms)[0m   [0;1mselect sqlite_version(*)[0m
  [4;35;1mSQL (0.3ms)[0m   [0m SELECT name
 FROM sqlite_master
 WHERE type = 'table' AND NOT name = 'sqlite_sequence'
[0m
  [4;36;1mSQL (0.2ms)[0m   [0;1mSELECT version FROM schema_migrations[0m
  [4;35;1mSQL (0.2ms)[0m   [0m SELECT name
 FROM sqlite_master
 WHERE type = 'table' AND NOT name = 'sqlite_sequence'
[0m
  [4;36;1mSQL (0.1ms)[0m   [0;1mPRAGMA index_list("dialog_turns")[0m
  [4;35;1mSQL (0.0ms)[0m   [0mPRAGMA index_list("dialog_turns_static_annotations")[0m
  [4;36;1mSQL (0.0ms)[0m   [0;1mPRAGMA index_list("guide_page_sequences")[0m
  [4;35;1mSQL (0.0ms)[0m   [0mPRAGMA index_list("guide_pages")[0m
  [4;36;1mSQL (0.0ms)[0m   [0;1mPRAGMA index_list("static_annotations")[0m


Processing GuidePageSequencesController#index (for 127.0.0.1 at 2010-07-05 04:51:09) [GET]
  [4;36;1mGuidePageSequence Load (0.7ms)[0m   [0;1mSELECT * FROM "guide_page_sequences" [0m
Rendering template within layouts/guide_page_sequences
Rendering guide_page_sequences/index
Completed in 131ms (View: 74, DB: 1) | 200 OK [http://localhost/guide_page_sequences]


Processing GuidePagesController#index (for 127.0.0.1 at 2010-07-05 04:51:10) [GET]
  [4;35;1mGuidePage Load (0.5ms)[0m   [0mSELECT * FROM "guide_pages" [0m
Rendering template within layouts/guide_pages
Rendering guide_pages/index
Completed in 35ms (View: 23, DB: 1) | 200 OK [http://localhost/guide_pages]


Processing DialogTurnsController#index (for 127.0.0.1 at 2010-07-05 04:51:12) [GET]
  [4;36;1mDialogTurn Load (0.5ms)[0m   [0;1mSELECT * FROM "dialog_turns" [0m
Rendering template within layouts/dialog_turns
Rendering dialog_turns/index
Completed in 49ms (View: 24, DB: 1) | 200 OK [http://localhost/dialog_turns]


Processing StaticAnnotationsController#index (for 127.0.0.1 at 2010-07-05 04:51:12) [GET]
  [4;35;1mStaticAnnotations Load (0.4ms)[0m   [0mSELECT * FROM "static_annotations" [0m
Rendering template within layouts/static_annotations
Rendering static_annotations/index

ActionView::TemplateError (undefined local variable or method `new_static_annotations_path' for #<ActionView::Base:0x000001033e35e0>) on line #24 of app/views/static_annotations/index.html.erb:
21: 
22: <br />
23: 
24: <%= link_to 'New static_annotations', new_static_annotations_path %>

    app/views/static_annotations/index.html.erb:24
    app/controllers/static_annotations_controller.rb:7:in `index'
    <internal:prelude>:8:in `synchronize'
    /Users/kweusijana/.rvm/rubies/ruby-1.9.1-p378/lib/ruby/1.9.1/webrick/httpserver.rb:111:in `service'
    /Users/kweusijana/.rvm/rubies/ruby-1.9.1-p378/lib/ruby/1.9.1/webrick/httpserver.rb:70:in `run'
    /Users/kweusijana/.rvm/rubies/ruby-1.9.1-p378/lib/ruby/1.9.1/webrick/server.rb:183:in `block in start_thread'

Rendered rescues/_trace (95.9ms)
Rendered rescues/_request_and_response (1.4ms)
Rendering rescues/layout (internal_server_error)


Processing DialogTurnsController#show (for 127.0.0.1 at 2010-07-05 05:20:45) [GET]
  Parameters: {"id"=>"1"}
  [4;36;1mDialogTurn Load (0.2ms)[0m   [0;1mSELECT * FROM "dialog_turns" WHERE ("dialog_turns"."id" = 1) [0m
Rendering template within layouts/dialog_turns
Rendering dialog_turns/show
Completed in 61ms (View: 28, DB: 0) | 200 OK [http://localhost/dialog_turns/1]


Processing DialogTurnsController#edit (for 127.0.0.1 at 2010-07-05 05:20:52) [GET]
  Parameters: {"id"=>"1"}
  [4;35;1mDialogTurn Load (0.3ms)[0m   [0mSELECT * FROM "dialog_turns" WHERE ("dialog_turns"."id" = 1) [0m
Rendering template within layouts/dialog_turns
Rendering dialog_turns/edit
Completed in 223ms (View: 152, DB: 0) | 200 OK [http://localhost/dialog_turns/1/edit]


Processing DialogTurnsController#index (for 127.0.0.1 at 2010-07-05 05:21:02) [GET]
  [4;36;1mDialogTurn Load (0.5ms)[0m   [0;1mSELECT * FROM "dialog_turns" [0m
Rendering template within layouts/dialog_turns
Rendering dialog_turns/index
Completed in 12ms (View: 6, DB: 1) | 200 OK [http://localhost/dialog_turns]


Processing ApplicationController#index (for 127.0.0.1 at 2010-07-05 05:27:38) [GET]

ActionController::RoutingError (No route matches "/static_annotations" with {:method=>:get}):
  <internal:prelude>:8:in `synchronize'
  /Users/kweusijana/.rvm/rubies/ruby-1.9.1-p378/lib/ruby/1.9.1/webrick/httpserver.rb:111:in `service'
  /Users/kweusijana/.rvm/rubies/ruby-1.9.1-p378/lib/ruby/1.9.1/webrick/httpserver.rb:70:in `run'
  /Users/kweusijana/.rvm/rubies/ruby-1.9.1-p378/lib/ruby/1.9.1/webrick/server.rb:183:in `block in start_thread'

Rendering rescues/layout (not_found)


Processing StaticAnnotationsController#index (for 127.0.0.1 at 2010-07-05 05:28:26) [GET]
  [4;35;1mStaticAnnotations Load (0.8ms)[0m   [0mSELECT * FROM "static_annotations" [0m
Rendering template within layouts/static_annotations
Rendering static_annotations/index

ActionView::TemplateError (undefined local variable or method `new_static_annotations_path' for #<ActionView::Base:0x000001035cd340>) on line #24 of app/views/static_annotations/index.html.erb:
21: 
22: <br />
23: 
24: <%= link_to 'New static_annotations', new_static_annotations_path %>

    app/views/static_annotations/index.html.erb:24
    app/controllers/static_annotations_controller.rb:7:in `index'
    <internal:prelude>:8:in `synchronize'
    /Users/kweusijana/.rvm/rubies/ruby-1.9.1-p378/lib/ruby/1.9.1/webrick/httpserver.rb:111:in `service'
    /Users/kweusijana/.rvm/rubies/ruby-1.9.1-p378/lib/ruby/1.9.1/webrick/httpserver.rb:70:in `run'
    /Users/kweusijana/.rvm/rubies/ruby-1.9.1-p378/lib/ruby/1.9.1/webrick/server.rb:183:in `block in start_thread'

Rendered rescues/_trace (139.7ms)
Rendered rescues/_request_and_response (0.3ms)
Rendering rescues/layout (internal_server_error)
  [4;36;1mSQL (0.6ms)[0m   [0;1m SELECT name
 FROM sqlite_master
 WHERE type = 'table' AND NOT name = 'sqlite_sequence'
[0m
  [4;35;1mSQL (0.2ms)[0m   [0mSELECT version FROM schema_migrations[0m
Migrating to CreateGuidePageSequences (20100702173842)
Migrating to CreateGuidePages (20100702173922)
Migrating to CreateDialogTurns (20100702220841)
Migrating to CreateDialogTurnStaticAnnotationJoinTable (20100702220856)
Migrating to CreateStaticAnnotations (20100705122810)
  [4;36;1mSQL (0.1ms)[0m   [0;1mselect sqlite_version(*)[0m
  [4;35;1mSQL (0.0ms)[0m   [0mSQLite3::SQLException: table "static_annotations" already exists: CREATE TABLE "static_annotations" ("id" INTEGER PRIMARY KEY AUTOINCREMENT NOT NULL, "guid" varchar(255), "type" varchar(255), "points_id" varchar(255), "created_at" datetime, "updated_at" datetime) [0m
  [4;36;1mSQL (1.0ms)[0m   [0;1m SELECT name
 FROM sqlite_master
 WHERE type = 'table' AND NOT name = 'sqlite_sequence'
[0m
  [4;35;1mSQL (0.2ms)[0m   [0mSELECT version FROM schema_migrations[0m
Migrating to CreateGuidePageSequences (20100702173842)
Migrating to CreateGuidePages (20100702173922)
Migrating to CreateDialogTurns (20100702220841)
Migrating to CreateDialogTurnStaticAnnotationJoinTable (20100702220856)
  [4;36;1mSQL (0.2ms)[0m   [0;1mselect sqlite_version(*)[0m
  [4;35;1mSQL (0.2ms)[0m   [0m SELECT name
 FROM sqlite_master
 WHERE type = 'table' AND NOT name = 'sqlite_sequence'
[0m
  [4;36;1mSQL (0.1ms)[0m   [0;1mSELECT version FROM schema_migrations[0m
  [4;35;1mSQL (0.2ms)[0m   [0m SELECT name
 FROM sqlite_master
 WHERE type = 'table' AND NOT name = 'sqlite_sequence'
[0m
  [4;36;1mSQL (0.1ms)[0m   [0;1mPRAGMA index_list("dialog_turns")[0m
  [4;35;1mSQL (0.0ms)[0m   [0mPRAGMA index_list("dialog_turns_static_annotations")[0m
  [4;36;1mSQL (0.0ms)[0m   [0;1mPRAGMA index_list("guide_page_sequences")[0m
  [4;35;1mSQL (0.0ms)[0m   [0mPRAGMA index_list("guide_pages")[0m
  [4;36;1mSQL (0.0ms)[0m   [0;1mPRAGMA index_list("static_annotations")[0m


Processing StaticAnnotationsController#index (for 127.0.0.1 at 2010-07-05 05:38:32) [GET]
  [4;36;1mStaticAnnotations Load (0.4ms)[0m   [0;1mSELECT * FROM "static_annotations" [0m
Rendering template within layouts/static_annotations
Rendering static_annotations/index

ActionView::TemplateError (undefined local variable or method `new_static_annotations_path' for #<ActionView::Base:0x00000101589ca8>) on line #24 of app/views/static_annotations/index.html.erb:
21: 
22: <br />
23: 
24: <%= link_to 'New static_annotations', new_static_annotations_path %>

    app/views/static_annotations/index.html.erb:24
    app/controllers/static_annotations_controller.rb:7:in `index'
    <internal:prelude>:8:in `synchronize'
    /Users/kweusijana/.rvm/rubies/ruby-1.9.1-p378/lib/ruby/1.9.1/webrick/httpserver.rb:111:in `service'
    /Users/kweusijana/.rvm/rubies/ruby-1.9.1-p378/lib/ruby/1.9.1/webrick/httpserver.rb:70:in `run'
    /Users/kweusijana/.rvm/rubies/ruby-1.9.1-p378/lib/ruby/1.9.1/webrick/server.rb:183:in `block in start_thread'

Rendered rescues/_trace (100.8ms)
Rendered rescues/_request_and_response (0.3ms)
Rendering rescues/layout (internal_server_error)


Processing Rails::InfoController#properties (for 127.0.0.1 at 2010-07-05 07:26:48) [GET]
  [4;35;1mSQL (0.5ms)[0m   [0m SELECT name
 FROM sqlite_master
 WHERE type = 'table' AND NOT name = 'sqlite_sequence'
[0m
  [4;36;1mSQL (0.1ms)[0m   [0;1mSELECT version FROM schema_migrations[0m
Completed in 332ms (View: 27, DB: 1) | 200 OK [http://localhost/rails/info/properties]


Processing ApplicationController#index (for 127.0.0.1 at 2010-07-05 07:27:00) [GET]

ActionController::RoutingError (No route matches "/smartgraphs" with {:method=>:get}):
  <internal:prelude>:8:in `synchronize'
  /Users/kweusijana/.rvm/rubies/ruby-1.9.1-p378/lib/ruby/1.9.1/webrick/httpserver.rb:111:in `service'
  /Users/kweusijana/.rvm/rubies/ruby-1.9.1-p378/lib/ruby/1.9.1/webrick/httpserver.rb:70:in `run'
  /Users/kweusijana/.rvm/rubies/ruby-1.9.1-p378/lib/ruby/1.9.1/webrick/server.rb:183:in `block in start_thread'

Rendering rescues/layout (not_found)


Processing DialogTurnsController#show (for 127.0.0.1 at 2010-07-05 09:42:04) [GET]
  Parameters: {"id"=>"1"}
  [4;35;1mDialogTurn Load (0.2ms)[0m   [0mSELECT * FROM "dialog_turns" WHERE ("dialog_turns"."id" = 1) [0m
Rendering template within layouts/dialog_turns
Rendering dialog_turns/show
Completed in 74ms (View: 4, DB: 0) | 200 OK [http://localhost/dialog_turns/1]


Processing DialogTurnsController#index (for 127.0.0.1 at 2010-07-05 09:42:10) [GET]
  [4;36;1mDialogTurn Load (0.5ms)[0m   [0;1mSELECT * FROM "dialog_turns" [0m
Rendering template within layouts/dialog_turns
Rendering dialog_turns/index
Completed in 15ms (View: 7, DB: 1) | 200 OK [http://localhost/dialog_turns]


Processing ApplicationController#index (for 127.0.0.1 at 2010-07-05 10:09:18) [GET]

ActionController::RoutingError (No route matches "/rails/guide_page_sequences.json" with {:method=>:get}):
  <internal:prelude>:8:in `synchronize'
  /Users/kweusijana/.rvm/rubies/ruby-1.9.1-p378/lib/ruby/1.9.1/webrick/httpserver.rb:111:in `service'
  /Users/kweusijana/.rvm/rubies/ruby-1.9.1-p378/lib/ruby/1.9.1/webrick/httpserver.rb:70:in `run'
  /Users/kweusijana/.rvm/rubies/ruby-1.9.1-p378/lib/ruby/1.9.1/webrick/server.rb:183:in `block in start_thread'

Rendering rescues/layout (not_found)


Processing ApplicationController#index (for 127.0.0.1 at 2010-07-05 10:09:19) [GET]

ActionController::RoutingError (No route matches "/rails/guide_page_sequences.json" with {:method=>:get}):
  <internal:prelude>:8:in `synchronize'
  /Users/kweusijana/.rvm/rubies/ruby-1.9.1-p378/lib/ruby/1.9.1/webrick/httpserver.rb:111:in `service'
  /Users/kweusijana/.rvm/rubies/ruby-1.9.1-p378/lib/ruby/1.9.1/webrick/httpserver.rb:70:in `run'
  /Users/kweusijana/.rvm/rubies/ruby-1.9.1-p378/lib/ruby/1.9.1/webrick/server.rb:183:in `block in start_thread'

Rendering rescues/layout (not_found)


Processing ApplicationController#index (for 127.0.0.1 at 2010-07-05 10:09:19) [GET]

ActionController::RoutingError (No route matches "/rails/guide_page_sequences.json" with {:method=>:get}):
  <internal:prelude>:8:in `synchronize'
  /Users/kweusijana/.rvm/rubies/ruby-1.9.1-p378/lib/ruby/1.9.1/webrick/httpserver.rb:111:in `service'
  /Users/kweusijana/.rvm/rubies/ruby-1.9.1-p378/lib/ruby/1.9.1/webrick/httpserver.rb:70:in `run'
  /Users/kweusijana/.rvm/rubies/ruby-1.9.1-p378/lib/ruby/1.9.1/webrick/server.rb:183:in `block in start_thread'

Rendering rescues/layout (not_found)


Processing ApplicationController#index (for 127.0.0.1 at 2010-07-05 10:09:19) [GET]

ActionController::RoutingError (No route matches "/rails/dialog_turns/1.json" with {:method=>:get}):
  <internal:prelude>:8:in `synchronize'
  /Users/kweusijana/.rvm/rubies/ruby-1.9.1-p378/lib/ruby/1.9.1/webrick/httpserver.rb:111:in `service'
  /Users/kweusijana/.rvm/rubies/ruby-1.9.1-p378/lib/ruby/1.9.1/webrick/httpserver.rb:70:in `run'
  /Users/kweusijana/.rvm/rubies/ruby-1.9.1-p378/lib/ruby/1.9.1/webrick/server.rb:183:in `block in start_thread'

Rendering rescues/layout (not_found)


Processing ApplicationController#index (for 127.0.0.1 at 2010-07-05 10:09:19) [GET]

ActionController::RoutingError (No route matches "/rails/guide_page_sequences.json" with {:method=>:get}):
  <internal:prelude>:8:in `synchronize'
  /Users/kweusijana/.rvm/rubies/ruby-1.9.1-p378/lib/ruby/1.9.1/webrick/httpserver.rb:111:in `service'
  /Users/kweusijana/.rvm/rubies/ruby-1.9.1-p378/lib/ruby/1.9.1/webrick/httpserver.rb:70:in `run'
  /Users/kweusijana/.rvm/rubies/ruby-1.9.1-p378/lib/ruby/1.9.1/webrick/server.rb:183:in `block in start_thread'

Rendering rescues/layout (not_found)


Processing GuidePageSequencesController#show (for 127.0.0.1 at 2010-07-05 10:10:03) [GET]
  Parameters: {"id"=>"1"}
  [4;36;1mGuidePageSequence Load (28.8ms)[0m   [0;1mSELECT * FROM "guide_page_sequences" WHERE ("guide_page_sequences"."id" = 1) [0m
Rendering template within layouts/guide_page_sequences
Rendering guide_page_sequences/show
Completed in 151ms (View: 71, DB: 29) | 200 OK [http://localhost/guide_page_sequences/1]


Processing GuidePageSequencesController#show to json (for 127.0.0.1 at 2010-07-05 10:10:13) [GET]
  Parameters: {"id"=>"1"}
  [4;35;1mGuidePageSequence Load (0.2ms)[0m   [0mSELECT * FROM "guide_page_sequences" WHERE ("guide_page_sequences"."id" = 1) [0m
  [4;36;1mGuidePage Load (0.2ms)[0m   [0;1mSELECT * FROM "guide_pages" WHERE ("guide_pages".guide_page_sequence_id = 1) [0m

NoMethodError (undefined method `activity_path' for #<GuidePageSequencesController:0x0000010253dec8>):
  app/controllers/guide_page_sequences_controller.rb:26:in `block (2 levels) in show'
  app/controllers/guide_page_sequences_controller.rb:20:in `show'
  <internal:prelude>:8:in `synchronize'
  /Users/kweusijana/.rvm/rubies/ruby-1.9.1-p378/lib/ruby/1.9.1/webrick/httpserver.rb:111:in `service'
  /Users/kweusijana/.rvm/rubies/ruby-1.9.1-p378/lib/ruby/1.9.1/webrick/httpserver.rb:70:in `run'
  /Users/kweusijana/.rvm/rubies/ruby-1.9.1-p378/lib/ruby/1.9.1/webrick/server.rb:183:in `block in start_thread'

Rendered rescues/_trace (123.3ms)
Rendered rescues/_request_and_response (1.3ms)
Rendering rescues/layout (internal_server_error)


Processing GuidePageSequencesController#index (for 127.0.0.1 at 2010-07-05 10:10:31) [GET]
  [4;35;1mGuidePageSequence Load (0.5ms)[0m   [0mSELECT * FROM "guide_page_sequences" [0m
  [4;36;1mGuidePage Load (2.3ms)[0m   [0;1mSELECT * FROM "guide_pages" WHERE ("guide_pages".guide_page_sequence_id = 1) [0m
Rendering template within layouts/guide_page_sequences
Rendering guide_page_sequences/index
Completed in 29ms (View: 12, DB: 3) | 200 OK [http://localhost/guide_page_sequences]


Processing GuidePageSequencesController#index to json (for 127.0.0.1 at 2010-07-05 10:10:37) [GET]
  [4;35;1mGuidePageSequence Load (0.5ms)[0m   [0mSELECT * FROM "guide_page_sequences" [0m
  [4;36;1mGuidePage Load (0.2ms)[0m   [0;1mSELECT * FROM "guide_pages" WHERE ("guide_pages".guide_page_sequence_id = 1) [0m

NameError (undefined local variable or method `guide_page_sequences' for #<GuidePageSequencesController:0x00000102e840f0>):
  app/controllers/guide_page_sequences_controller.rb:9:in `block (2 levels) in index'
  app/controllers/guide_page_sequences_controller.rb:7:in `index'
  <internal:prelude>:8:in `synchronize'
  /Users/kweusijana/.rvm/rubies/ruby-1.9.1-p378/lib/ruby/1.9.1/webrick/httpserver.rb:111:in `service'
  /Users/kweusijana/.rvm/rubies/ruby-1.9.1-p378/lib/ruby/1.9.1/webrick/httpserver.rb:70:in `run'
  /Users/kweusijana/.rvm/rubies/ruby-1.9.1-p378/lib/ruby/1.9.1/webrick/server.rb:183:in `block in start_thread'

Rendered rescues/_trace (74.8ms)
Rendered rescues/_request_and_response (0.3ms)
Rendering rescues/layout (internal_server_error)


Processing ApplicationController#index to json (for 127.0.0.1 at 2010-07-05 10:21:31) [GET]

ActionController::RoutingError (No route matches "/tasks/show/1" with {:method=>:get}):
  <internal:prelude>:8:in `synchronize'
  /Users/kweusijana/.rvm/rubies/ruby-1.9.1-p378/lib/ruby/1.9.1/webrick/httpserver.rb:111:in `service'
  /Users/kweusijana/.rvm/rubies/ruby-1.9.1-p378/lib/ruby/1.9.1/webrick/httpserver.rb:70:in `run'
  /Users/kweusijana/.rvm/rubies/ruby-1.9.1-p378/lib/ruby/1.9.1/webrick/server.rb:183:in `block in start_thread'

Rendering rescues/layout (not_found)


Processing GuidePageSequencesController#show to json (for 127.0.0.1 at 2010-07-05 10:21:58) [GET]
  Parameters: {"id"=>"1"}
  [4;35;1mGuidePageSequence Load (47.7ms)[0m   [0mSELECT * FROM "guide_page_sequences" WHERE ("guide_page_sequences"."id" = 1) [0m
  [4;36;1mGuidePage Load (0.2ms)[0m   [0;1mSELECT * FROM "guide_pages" WHERE ("guide_pages".guide_page_sequence_id = 1) [0m

NoMethodError (undefined method `activity_path' for #<GuidePageSequencesController:0x00000104418eb0>):
  app/controllers/guide_page_sequences_controller.rb:26:in `block (2 levels) in show'
  app/controllers/guide_page_sequences_controller.rb:20:in `show'
  <internal:prelude>:8:in `synchronize'
  /Users/kweusijana/.rvm/rubies/ruby-1.9.1-p378/lib/ruby/1.9.1/webrick/httpserver.rb:111:in `service'
  /Users/kweusijana/.rvm/rubies/ruby-1.9.1-p378/lib/ruby/1.9.1/webrick/httpserver.rb:70:in `run'
  /Users/kweusijana/.rvm/rubies/ruby-1.9.1-p378/lib/ruby/1.9.1/webrick/server.rb:183:in `block in start_thread'

Rendered rescues/_trace (69.8ms)
Rendered rescues/_request_and_response (0.3ms)
Rendering rescues/layout (internal_server_error)


Processing GuidePageSequencesController#show (for 127.0.0.1 at 2010-07-05 10:22:14) [GET]
  Parameters: {"id"=>"1"}
  [4;35;1mGuidePageSequence Load (0.1ms)[0m   [0mSELECT * FROM "guide_page_sequences" WHERE ("guide_page_sequences"."id" = 1) [0m
Rendering template within layouts/guide_page_sequences
Rendering guide_page_sequences/show
Completed in 10ms (View: 3, DB: 0) | 200 OK [http://localhost/guide_page_sequences/show/1]


Processing GuidePageSequencesController#show to json (for 127.0.0.1 at 2010-07-05 10:22:22) [GET]
  Parameters: {"id"=>"1"}
  [4;36;1mGuidePageSequence Load (0.2ms)[0m   [0;1mSELECT * FROM "guide_page_sequences" WHERE ("guide_page_sequences"."id" = 1) [0m
  [4;35;1mGuidePage Load (0.2ms)[0m   [0mSELECT * FROM "guide_pages" WHERE ("guide_pages".guide_page_sequence_id = 1) [0m

NoMethodError (undefined method `activity_path' for #<GuidePageSequencesController:0x0000010208eab0>):
  app/controllers/guide_page_sequences_controller.rb:26:in `block (2 levels) in show'
  app/controllers/guide_page_sequences_controller.rb:20:in `show'
  <internal:prelude>:8:in `synchronize'
  /Users/kweusijana/.rvm/rubies/ruby-1.9.1-p378/lib/ruby/1.9.1/webrick/httpserver.rb:111:in `service'
  /Users/kweusijana/.rvm/rubies/ruby-1.9.1-p378/lib/ruby/1.9.1/webrick/httpserver.rb:70:in `run'
  /Users/kweusijana/.rvm/rubies/ruby-1.9.1-p378/lib/ruby/1.9.1/webrick/server.rb:183:in `block in start_thread'

Rendered rescues/_trace (122.5ms)
Rendered rescues/_request_and_response (0.3ms)
Rendering rescues/layout (internal_server_error)


Processing GuidePageSequencesController#show to json (for 127.0.0.1 at 2010-07-05 10:23:30) [GET]
  Parameters: {"id"=>"1"}
  [4;36;1mGuidePageSequence Load (0.2ms)[0m   [0;1mSELECT * FROM "guide_page_sequences" WHERE ("guide_page_sequences"."id" = 1) [0m
  [4;35;1mGuidePage Load (0.2ms)[0m   [0mSELECT * FROM "guide_pages" WHERE ("guide_pages".guide_page_sequence_id = 1) [0m
Completed in 16ms (View: 1, DB: 0) | 200 OK [http://localhost/guide_page_sequences/show/1?format=json]


Processing ApplicationController#index (for 127.0.0.1 at 2010-07-05 10:26:04) [GET]

ActionController::RoutingError (No route matches "/rails/dialog_turns/1.json" with {:method=>:get}):
  <internal:prelude>:8:in `synchronize'
  /Users/kweusijana/.rvm/rubies/ruby-1.9.1-p378/lib/ruby/1.9.1/webrick/httpserver.rb:111:in `service'
  /Users/kweusijana/.rvm/rubies/ruby-1.9.1-p378/lib/ruby/1.9.1/webrick/httpserver.rb:70:in `run'
  /Users/kweusijana/.rvm/rubies/ruby-1.9.1-p378/lib/ruby/1.9.1/webrick/server.rb:183:in `block in start_thread'

Rendering rescues/layout (not_found)


Processing ApplicationController#index (for 127.0.0.1 at 2010-07-05 10:28:40) [GET]

ActionController::RoutingError (No route matches "/rails/dialog_turns/1.json" with {:method=>:get}):
  <internal:prelude>:8:in `synchronize'
  /Users/kweusijana/.rvm/rubies/ruby-1.9.1-p378/lib/ruby/1.9.1/webrick/httpserver.rb:111:in `service'
  /Users/kweusijana/.rvm/rubies/ruby-1.9.1-p378/lib/ruby/1.9.1/webrick/httpserver.rb:70:in `run'
  /Users/kweusijana/.rvm/rubies/ruby-1.9.1-p378/lib/ruby/1.9.1/webrick/server.rb:183:in `block in start_thread'

Rendering rescues/layout (not_found)


Processing ApplicationController#index (for 127.0.0.1 at 2010-07-05 10:29:35) [GET]

ActionController::RoutingError (No route matches "/rails/dialog_turns/1" with {:method=>:get}):
  <internal:prelude>:8:in `synchronize'
  /Users/kweusijana/.rvm/rubies/ruby-1.9.1-p378/lib/ruby/1.9.1/webrick/httpserver.rb:111:in `service'
  /Users/kweusijana/.rvm/rubies/ruby-1.9.1-p378/lib/ruby/1.9.1/webrick/httpserver.rb:70:in `run'
  /Users/kweusijana/.rvm/rubies/ruby-1.9.1-p378/lib/ruby/1.9.1/webrick/server.rb:183:in `block in start_thread'

Rendering rescues/layout (not_found)


Processing ApplicationController#index (for 127.0.0.1 at 2010-07-05 10:29:43) [GET]

ActionController::RoutingError (No route matches "/rails/dialog_turns/" with {:method=>:get}):
  <internal:prelude>:8:in `synchronize'
  /Users/kweusijana/.rvm/rubies/ruby-1.9.1-p378/lib/ruby/1.9.1/webrick/httpserver.rb:111:in `service'
  /Users/kweusijana/.rvm/rubies/ruby-1.9.1-p378/lib/ruby/1.9.1/webrick/httpserver.rb:70:in `run'
  /Users/kweusijana/.rvm/rubies/ruby-1.9.1-p378/lib/ruby/1.9.1/webrick/server.rb:183:in `block in start_thread'

Rendering rescues/layout (not_found)


Processing ApplicationController#index (for 127.0.0.1 at 2010-07-05 10:29:49) [GET]

ActionController::RoutingError (No route matches "/rails/dialog_turn" with {:method=>:get}):
  <internal:prelude>:8:in `synchronize'
  /Users/kweusijana/.rvm/rubies/ruby-1.9.1-p378/lib/ruby/1.9.1/webrick/httpserver.rb:111:in `service'
  /Users/kweusijana/.rvm/rubies/ruby-1.9.1-p378/lib/ruby/1.9.1/webrick/httpserver.rb:70:in `run'
  /Users/kweusijana/.rvm/rubies/ruby-1.9.1-p378/lib/ruby/1.9.1/webrick/server.rb:183:in `block in start_thread'

Rendering rescues/layout (not_found)


Processing ApplicationController#index (for 127.0.0.1 at 2010-07-05 10:29:56) [GET]

ActionController::RoutingError (No route matches "/rails/" with {:method=>:get}):
  <internal:prelude>:8:in `synchronize'
  /Users/kweusijana/.rvm/rubies/ruby-1.9.1-p378/lib/ruby/1.9.1/webrick/httpserver.rb:111:in `service'
  /Users/kweusijana/.rvm/rubies/ruby-1.9.1-p378/lib/ruby/1.9.1/webrick/httpserver.rb:70:in `run'
  /Users/kweusijana/.rvm/rubies/ruby-1.9.1-p378/lib/ruby/1.9.1/webrick/server.rb:183:in `block in start_thread'

Rendering rescues/layout (not_found)


Processing DialogTurnsController#index (for 127.0.0.1 at 2010-07-05 10:30:13) [GET]
  [4;36;1mDialogTurn Load (0.5ms)[0m   [0;1mSELECT * FROM "dialog_turns" [0m

NameError (uninitialized constant DialogTurn::StaticAnnotation):
  app/controllers/application_controller.rb:27:in `block in sproutcore_json'
  app/controllers/application_controller.rb:24:in `each'
  app/controllers/application_controller.rb:24:in `sproutcore_json'
  app/controllers/dialog_turns_controller.rb:10:in `block (2 levels) in index'
  app/controllers/dialog_turns_controller.rb:10:in `map'
  app/controllers/dialog_turns_controller.rb:10:in `block in index'
  app/controllers/dialog_turns_controller.rb:7:in `index'
  <internal:prelude>:8:in `synchronize'
  /Users/kweusijana/.rvm/rubies/ruby-1.9.1-p378/lib/ruby/1.9.1/webrick/httpserver.rb:111:in `service'
  /Users/kweusijana/.rvm/rubies/ruby-1.9.1-p378/lib/ruby/1.9.1/webrick/httpserver.rb:70:in `run'
  /Users/kweusijana/.rvm/rubies/ruby-1.9.1-p378/lib/ruby/1.9.1/webrick/server.rb:183:in `block in start_thread'

Rendered rescues/_trace (82.6ms)
Rendered rescues/_request_and_response (0.4ms)
Rendering rescues/layout (internal_server_error)


Processing GuidePagesController#index (for 127.0.0.1 at 2010-07-05 10:30:21) [GET]
  [4;35;1mGuidePage Load (0.5ms)[0m   [0mSELECT * FROM "guide_pages" [0m
Rendering template within layouts/guide_pages
Rendering guide_pages/index
Completed in 26ms (View: 21, DB: 1) | 200 OK [http://localhost/guide_pages]


Processing StaticAnnotationsController#index (for 127.0.0.1 at 2010-07-05 10:30:47) [GET]
  [4;36;1mStaticAnnotations Load (1.8ms)[0m   [0;1mSELECT * FROM "static_annotations" [0m
Rendering template within layouts/static_annotations
Rendering static_annotations/index

ActionView::TemplateError (undefined local variable or method `new_static_annotations_path' for #<ActionView::Base:0x0000010421ede0>) on line #24 of app/views/static_annotations/index.html.erb:
21: 
22: <br />
23: 
24: <%= link_to 'New static_annotations', new_static_annotations_path %>

    app/views/static_annotations/index.html.erb:24
    app/controllers/static_annotations_controller.rb:7:in `index'
    <internal:prelude>:8:in `synchronize'
    /Users/kweusijana/.rvm/rubies/ruby-1.9.1-p378/lib/ruby/1.9.1/webrick/httpserver.rb:111:in `service'
    /Users/kweusijana/.rvm/rubies/ruby-1.9.1-p378/lib/ruby/1.9.1/webrick/httpserver.rb:70:in `run'
    /Users/kweusijana/.rvm/rubies/ruby-1.9.1-p378/lib/ruby/1.9.1/webrick/server.rb:183:in `block in start_thread'

Rendered rescues/_trace (118.6ms)
Rendered rescues/_request_and_response (0.3ms)
Rendering rescues/layout (internal_server_error)


Processing ApplicationController#index (for 127.0.0.1 at 2010-07-05 10:30:52) [GET]

ActionController::RoutingError (No route matches "/static_annotation" with {:method=>:get}):
  <internal:prelude>:8:in `synchronize'
  /Users/kweusijana/.rvm/rubies/ruby-1.9.1-p378/lib/ruby/1.9.1/webrick/httpserver.rb:111:in `service'
  /Users/kweusijana/.rvm/rubies/ruby-1.9.1-p378/lib/ruby/1.9.1/webrick/httpserver.rb:70:in `run'
  /Users/kweusijana/.rvm/rubies/ruby-1.9.1-p378/lib/ruby/1.9.1/webrick/server.rb:183:in `block in start_thread'

Rendering rescues/layout (not_found)


Processing StaticAnnotationsController#index (for 127.0.0.1 at 2010-07-05 10:30:56) [GET]
  [4;35;1mStaticAnnotations Load (0.5ms)[0m   [0mSELECT * FROM "static_annotations" [0m
Rendering template within layouts/static_annotations
Rendering static_annotations/index

ActionView::TemplateError (undefined local variable or method `new_static_annotations_path' for #<ActionView::Base:0x000001043528a0>) on line #24 of app/views/static_annotations/index.html.erb:
21: 
22: <br />
23: 
24: <%= link_to 'New static_annotations', new_static_annotations_path %>

    app/views/static_annotations/index.html.erb:24
    app/controllers/static_annotations_controller.rb:7:in `index'
    <internal:prelude>:8:in `synchronize'
    /Users/kweusijana/.rvm/rubies/ruby-1.9.1-p378/lib/ruby/1.9.1/webrick/httpserver.rb:111:in `service'
    /Users/kweusijana/.rvm/rubies/ruby-1.9.1-p378/lib/ruby/1.9.1/webrick/httpserver.rb:70:in `run'
    /Users/kweusijana/.rvm/rubies/ruby-1.9.1-p378/lib/ruby/1.9.1/webrick/server.rb:183:in `block in start_thread'

Rendered rescues/_trace (83.6ms)
Rendered rescues/_request_and_response (0.3ms)
Rendering rescues/layout (internal_server_error)


Processing DialogTurnsController#index (for 127.0.0.1 at 2010-07-05 10:31:08) [GET]
  [4;36;1mDialogTurn Load (0.6ms)[0m   [0;1mSELECT * FROM "dialog_turns" [0m

NameError (uninitialized constant DialogTurn::StaticAnnotation):
  app/controllers/application_controller.rb:27:in `block in sproutcore_json'
  app/controllers/application_controller.rb:24:in `each'
  app/controllers/application_controller.rb:24:in `sproutcore_json'
  app/controllers/dialog_turns_controller.rb:10:in `block (2 levels) in index'
  app/controllers/dialog_turns_controller.rb:10:in `map'
  app/controllers/dialog_turns_controller.rb:10:in `block in index'
  app/controllers/dialog_turns_controller.rb:7:in `index'
  <internal:prelude>:8:in `synchronize'
  /Users/kweusijana/.rvm/rubies/ruby-1.9.1-p378/lib/ruby/1.9.1/webrick/httpserver.rb:111:in `service'
  /Users/kweusijana/.rvm/rubies/ruby-1.9.1-p378/lib/ruby/1.9.1/webrick/httpserver.rb:70:in `run'
  /Users/kweusijana/.rvm/rubies/ruby-1.9.1-p378/lib/ruby/1.9.1/webrick/server.rb:183:in `block in start_thread'

Rendered rescues/_trace (142.0ms)
Rendered rescues/_request_and_response (0.4ms)
Rendering rescues/layout (internal_server_error)


Processing GuidePageSequencesController#index (for 127.0.0.1 at 2010-07-05 10:38:03) [GET]
  [4;35;1mGuidePageSequence Load (48.9ms)[0m   [0mSELECT * FROM "guide_page_sequences" [0m
  [4;36;1mGuidePage Load (0.2ms)[0m   [0;1mSELECT * FROM "guide_pages" WHERE ("guide_pages".guide_page_sequence_id = 1) [0m
Rendering template within layouts/guide_page_sequences
Rendering guide_page_sequences/index
Completed in 64ms (View: 3, DB: 49) | 200 OK [http://localhost/guide_page_sequences]


Processing GuidePageSequencesController#index to json (for 127.0.0.1 at 2010-07-05 10:38:15) [GET]
  [4;35;1mGuidePageSequence Load (0.6ms)[0m   [0mSELECT * FROM "guide_page_sequences" [0m
  [4;36;1mGuidePage Load (0.2ms)[0m   [0;1mSELECT * FROM "guide_pages" WHERE ("guide_pages".guide_page_sequence_id = 1) [0m

NameError (undefined local variable or method `guide_page_sequences' for #<GuidePageSequencesController:0x000001028b7de0>):
  app/controllers/guide_page_sequences_controller.rb:9:in `block (2 levels) in index'
  app/controllers/guide_page_sequences_controller.rb:7:in `index'
  <internal:prelude>:8:in `synchronize'
  /Users/kweusijana/.rvm/rubies/ruby-1.9.1-p378/lib/ruby/1.9.1/webrick/httpserver.rb:111:in `service'
  /Users/kweusijana/.rvm/rubies/ruby-1.9.1-p378/lib/ruby/1.9.1/webrick/httpserver.rb:70:in `run'
  /Users/kweusijana/.rvm/rubies/ruby-1.9.1-p378/lib/ruby/1.9.1/webrick/server.rb:183:in `block in start_thread'

Rendered rescues/_trace (132.7ms)
Rendered rescues/_request_and_response (0.3ms)
Rendering rescues/layout (internal_server_error)


Processing GuidePageSequencesController#show to json (for 127.0.0.1 at 2010-07-05 10:38:28) [GET]
  Parameters: {"id"=>"1"}
  [4;35;1mGuidePageSequence Load (0.1ms)[0m   [0mSELECT * FROM "guide_page_sequences" WHERE ("guide_page_sequences"."id" = 1) [0m
  [4;36;1mGuidePage Load (0.2ms)[0m   [0;1mSELECT * FROM "guide_pages" WHERE ("guide_pages".guide_page_sequence_id = 1) [0m
Completed in 12ms (View: 1, DB: 0) | 200 OK [http://localhost/guide_page_sequences/show/1?format=json]


Processing GuidePageSequencesController#show (for 127.0.0.1 at 2010-07-05 10:38:55) [GET]
  Parameters: {"id"=>"1"}
  [4;35;1mGuidePageSequence Load (51.5ms)[0m   [0mSELECT * FROM "guide_page_sequences" WHERE ("guide_page_sequences"."id" = 1) [0m
Rendering template within layouts/guide_page_sequences
Rendering guide_page_sequences/show
Completed in 62ms (View: 4, DB: 51) | 200 OK [http://localhost/guide_page_sequences/show/1]


Processing GuidePageSequencesController#edit (for 127.0.0.1 at 2010-07-05 10:40:07) [GET]
  Parameters: {"id"=>"1"}
  [4;36;1mGuidePageSequence Load (0.2ms)[0m   [0;1mSELECT * FROM "guide_page_sequences" WHERE ("guide_page_sequences"."id" = 1) [0m
Rendering template within layouts/guide_page_sequences
Rendering guide_page_sequences/edit
Completed in 179ms (View: 173, DB: 0) | 200 OK [http://localhost/guide_page_sequences/1/edit]


Processing GuidePageSequencesController#index (for 127.0.0.1 at 2010-07-05 10:40:10) [GET]
  [4;35;1mGuidePageSequence Load (0.4ms)[0m   [0mSELECT * FROM "guide_page_sequences" [0m
  [4;36;1mGuidePage Load (0.2ms)[0m   [0;1mSELECT * FROM "guide_pages" WHERE ("guide_pages".guide_page_sequence_id = 1) [0m
Rendering template within layouts/guide_page_sequences
Rendering guide_page_sequences/index
Completed in 12ms (View: 2, DB: 1) | 200 OK [http://localhost/guide_page_sequences]


Processing GuidePageSequencesController#edit (for 127.0.0.1 at 2010-07-05 10:40:18) [GET]
  Parameters: {"id"=>"1"}
  [4;35;1mGuidePageSequence Load (1.5ms)[0m   [0mSELECT * FROM "guide_page_sequences" WHERE ("guide_page_sequences"."id" = 1) [0m
Rendering template within layouts/guide_page_sequences
Rendering guide_page_sequences/edit
Completed in 17ms (View: 8, DB: 1) | 200 OK [http://localhost/guide_page_sequences/1/edit]


Processing GuidePageSequencesController#index (for 127.0.0.1 at 2010-07-05 10:40:20) [GET]
  [4;36;1mGuidePageSequence Load (0.5ms)[0m   [0;1mSELECT * FROM "guide_page_sequences" [0m
  [4;35;1mGuidePage Load (0.2ms)[0m   [0mSELECT * FROM "guide_pages" WHERE ("guide_pages".guide_page_sequence_id = 1) [0m
Rendering template within layouts/guide_page_sequences
Rendering guide_page_sequences/index
Completed in 22ms (View: 3, DB: 1) | 200 OK [http://localhost/guide_page_sequences]


Processing ApplicationController#index (for 127.0.0.1 at 2010-07-05 10:59:42) [GET]

ActionController::RoutingError (No route matches "/rails/dialog_turns/1.json" with {:method=>:get}):
  <internal:prelude>:8:in `synchronize'
  /Users/kweusijana/.rvm/rubies/ruby-1.9.1-p378/lib/ruby/1.9.1/webrick/httpserver.rb:111:in `service'
  /Users/kweusijana/.rvm/rubies/ruby-1.9.1-p378/lib/ruby/1.9.1/webrick/httpserver.rb:70:in `run'
  /Users/kweusijana/.rvm/rubies/ruby-1.9.1-p378/lib/ruby/1.9.1/webrick/server.rb:183:in `block in start_thread'

Rendering rescues/layout (not_found)


Processing ApplicationController#index (for 127.0.0.1 at 2010-07-05 11:04:40) [GET]

ActionController::RoutingError (No route matches "/rails/activities.json" with {:method=>:get}):
  <internal:prelude>:8:in `synchronize'
  /Users/kweusijana/.rvm/rubies/ruby-1.9.1-p378/lib/ruby/1.9.1/webrick/httpserver.rb:111:in `service'
  /Users/kweusijana/.rvm/rubies/ruby-1.9.1-p378/lib/ruby/1.9.1/webrick/httpserver.rb:70:in `run'
  /Users/kweusijana/.rvm/rubies/ruby-1.9.1-p378/lib/ruby/1.9.1/webrick/server.rb:183:in `block in start_thread'

Rendering rescues/layout (not_found)


Processing ApplicationController#index (for 127.0.0.1 at 2010-07-05 11:04:40) [GET]

ActionController::RoutingError (No route matches "/rails/dialog_turns/1.json" with {:method=>:get}):
  <internal:prelude>:8:in `synchronize'
  /Users/kweusijana/.rvm/rubies/ruby-1.9.1-p378/lib/ruby/1.9.1/webrick/httpserver.rb:111:in `service'
  /Users/kweusijana/.rvm/rubies/ruby-1.9.1-p378/lib/ruby/1.9.1/webrick/httpserver.rb:70:in `run'
  /Users/kweusijana/.rvm/rubies/ruby-1.9.1-p378/lib/ruby/1.9.1/webrick/server.rb:183:in `block in start_thread'

Rendering rescues/layout (not_found)


Processing ApplicationController#index (for 127.0.0.1 at 2010-07-05 11:04:40) [GET]

ActionController::RoutingError (No route matches "/rails/activities.json" with {:method=>:get}):
  <internal:prelude>:8:in `synchronize'
  /Users/kweusijana/.rvm/rubies/ruby-1.9.1-p378/lib/ruby/1.9.1/webrick/httpserver.rb:111:in `service'
  /Users/kweusijana/.rvm/rubies/ruby-1.9.1-p378/lib/ruby/1.9.1/webrick/httpserver.rb:70:in `run'
  /Users/kweusijana/.rvm/rubies/ruby-1.9.1-p378/lib/ruby/1.9.1/webrick/server.rb:183:in `block in start_thread'

Rendering rescues/layout (not_found)


Processing ApplicationController#index (for 127.0.0.1 at 2010-07-05 11:04:40) [GET]

ActionController::RoutingError (No route matches "/rails/activities.json" with {:method=>:get}):
  <internal:prelude>:8:in `synchronize'
  /Users/kweusijana/.rvm/rubies/ruby-1.9.1-p378/lib/ruby/1.9.1/webrick/httpserver.rb:111:in `service'
  /Users/kweusijana/.rvm/rubies/ruby-1.9.1-p378/lib/ruby/1.9.1/webrick/httpserver.rb:70:in `run'
  /Users/kweusijana/.rvm/rubies/ruby-1.9.1-p378/lib/ruby/1.9.1/webrick/server.rb:183:in `block in start_thread'

Rendering rescues/layout (not_found)


Processing ApplicationController#index (for 127.0.0.1 at 2010-07-05 11:04:40) [GET]

ActionController::RoutingError (No route matches "/rails/activities.json" with {:method=>:get}):
  <internal:prelude>:8:in `synchronize'
  /Users/kweusijana/.rvm/rubies/ruby-1.9.1-p378/lib/ruby/1.9.1/webrick/httpserver.rb:111:in `service'
  /Users/kweusijana/.rvm/rubies/ruby-1.9.1-p378/lib/ruby/1.9.1/webrick/httpserver.rb:70:in `run'
  /Users/kweusijana/.rvm/rubies/ruby-1.9.1-p378/lib/ruby/1.9.1/webrick/server.rb:183:in `block in start_thread'

Rendering rescues/layout (not_found)


Processing ApplicationController#index (for 127.0.0.1 at 2010-07-05 11:06:45) [GET]

ActionController::RoutingError (No route matches "/rails/activities.json" with {:method=>:get}):
  <internal:prelude>:8:in `synchronize'
  /Users/kweusijana/.rvm/rubies/ruby-1.9.1-p378/lib/ruby/1.9.1/webrick/httpserver.rb:111:in `service'
  /Users/kweusijana/.rvm/rubies/ruby-1.9.1-p378/lib/ruby/1.9.1/webrick/httpserver.rb:70:in `run'
  /Users/kweusijana/.rvm/rubies/ruby-1.9.1-p378/lib/ruby/1.9.1/webrick/server.rb:183:in `block in start_thread'

Rendering rescues/layout (not_found)


Processing ApplicationController#index (for 127.0.0.1 at 2010-07-05 11:06:46) [GET]

ActionController::RoutingError (No route matches "/rails/activities.json" with {:method=>:get}):
  <internal:prelude>:8:in `synchronize'
  /Users/kweusijana/.rvm/rubies/ruby-1.9.1-p378/lib/ruby/1.9.1/webrick/httpserver.rb:111:in `service'
  /Users/kweusijana/.rvm/rubies/ruby-1.9.1-p378/lib/ruby/1.9.1/webrick/httpserver.rb:70:in `run'
  /Users/kweusijana/.rvm/rubies/ruby-1.9.1-p378/lib/ruby/1.9.1/webrick/server.rb:183:in `block in start_thread'

Rendering rescues/layout (not_found)


Processing ApplicationController#index (for 127.0.0.1 at 2010-07-05 11:06:47) [GET]

ActionController::RoutingError (No route matches "/rails/dialog_turns/1.json" with {:method=>:get}):
  <internal:prelude>:8:in `synchronize'
  /Users/kweusijana/.rvm/rubies/ruby-1.9.1-p378/lib/ruby/1.9.1/webrick/httpserver.rb:111:in `service'
  /Users/kweusijana/.rvm/rubies/ruby-1.9.1-p378/lib/ruby/1.9.1/webrick/httpserver.rb:70:in `run'
  /Users/kweusijana/.rvm/rubies/ruby-1.9.1-p378/lib/ruby/1.9.1/webrick/server.rb:183:in `block in start_thread'

Rendering rescues/layout (not_found)


Processing ApplicationController#index (for 127.0.0.1 at 2010-07-05 11:06:47) [GET]

ActionController::RoutingError (No route matches "/rails/activities.json" with {:method=>:get}):
  <internal:prelude>:8:in `synchronize'
  /Users/kweusijana/.rvm/rubies/ruby-1.9.1-p378/lib/ruby/1.9.1/webrick/httpserver.rb:111:in `service'
  /Users/kweusijana/.rvm/rubies/ruby-1.9.1-p378/lib/ruby/1.9.1/webrick/httpserver.rb:70:in `run'
  /Users/kweusijana/.rvm/rubies/ruby-1.9.1-p378/lib/ruby/1.9.1/webrick/server.rb:183:in `block in start_thread'

Rendering rescues/layout (not_found)


Processing ApplicationController#index (for 127.0.0.1 at 2010-07-05 11:15:10) [GET]

ActionController::RoutingError (No route matches "/rails/guide_pages" with {:method=>:get}):
  <internal:prelude>:8:in `synchronize'
  /Users/kweusijana/.rvm/rubies/ruby-1.9.1-p378/lib/ruby/1.9.1/webrick/httpserver.rb:111:in `service'
  /Users/kweusijana/.rvm/rubies/ruby-1.9.1-p378/lib/ruby/1.9.1/webrick/httpserver.rb:70:in `run'
  /Users/kweusijana/.rvm/rubies/ruby-1.9.1-p378/lib/ruby/1.9.1/webrick/server.rb:183:in `block in start_thread'

Rendering rescues/layout (not_found)


Processing GuidePagesController#index (for 127.0.0.1 at 2010-07-05 11:15:15) [GET]
  [4;36;1mGuidePage Load (0.7ms)[0m   [0;1mSELECT * FROM "guide_pages" [0m
Rendering template within layouts/guide_pages
Rendering guide_pages/index
Completed in 75ms (View: 66, DB: 1) | 200 OK [http://localhost/guide_pages]


Processing ApplicationController#index (for 127.0.0.1 at 2010-07-05 11:15:42) [GET]

ActionController::RoutingError (No route matches "/rails" with {:method=>:get}):
  <internal:prelude>:8:in `synchronize'
  /Users/kweusijana/.rvm/rubies/ruby-1.9.1-p378/lib/ruby/1.9.1/webrick/httpserver.rb:111:in `service'
  /Users/kweusijana/.rvm/rubies/ruby-1.9.1-p378/lib/ruby/1.9.1/webrick/httpserver.rb:70:in `run'
  /Users/kweusijana/.rvm/rubies/ruby-1.9.1-p378/lib/ruby/1.9.1/webrick/server.rb:183:in `block in start_thread'

Rendering rescues/layout (not_found)


Processing ApplicationController#index (for 127.0.0.1 at 2010-07-05 11:20:18) [GET]

ActionController::RoutingError (No route matches "/rails/guide_pages.json" with {:method=>:get}):
  <internal:prelude>:8:in `synchronize'
  /Users/kweusijana/.rvm/rubies/ruby-1.9.1-p378/lib/ruby/1.9.1/webrick/httpserver.rb:111:in `service'
  /Users/kweusijana/.rvm/rubies/ruby-1.9.1-p378/lib/ruby/1.9.1/webrick/httpserver.rb:70:in `run'
  /Users/kweusijana/.rvm/rubies/ruby-1.9.1-p378/lib/ruby/1.9.1/webrick/server.rb:183:in `block in start_thread'

Rendering rescues/layout (not_found)


Processing ApplicationController#index (for 127.0.0.1 at 2010-07-05 11:20:18) [GET]

ActionController::RoutingError (No route matches "/rails/guide_pages.json" with {:method=>:get}):
  <internal:prelude>:8:in `synchronize'
  /Users/kweusijana/.rvm/rubies/ruby-1.9.1-p378/lib/ruby/1.9.1/webrick/httpserver.rb:111:in `service'
  /Users/kweusijana/.rvm/rubies/ruby-1.9.1-p378/lib/ruby/1.9.1/webrick/httpserver.rb:70:in `run'
  /Users/kweusijana/.rvm/rubies/ruby-1.9.1-p378/lib/ruby/1.9.1/webrick/server.rb:183:in `block in start_thread'

Rendering rescues/layout (not_found)


Processing ApplicationController#index (for 127.0.0.1 at 2010-07-05 11:20:19) [GET]

ActionController::RoutingError (No route matches "/rails/dialog_turns/1.json" with {:method=>:get}):
  <internal:prelude>:8:in `synchronize'
  /Users/kweusijana/.rvm/rubies/ruby-1.9.1-p378/lib/ruby/1.9.1/webrick/httpserver.rb:111:in `service'
  /Users/kweusijana/.rvm/rubies/ruby-1.9.1-p378/lib/ruby/1.9.1/webrick/httpserver.rb:70:in `run'
  /Users/kweusijana/.rvm/rubies/ruby-1.9.1-p378/lib/ruby/1.9.1/webrick/server.rb:183:in `block in start_thread'

Rendering rescues/layout (not_found)


Processing ApplicationController#index (for 127.0.0.1 at 2010-07-05 11:20:19) [GET]

ActionController::RoutingError (No route matches "/rails/guide_pages.json" with {:method=>:get}):
  <internal:prelude>:8:in `synchronize'
  /Users/kweusijana/.rvm/rubies/ruby-1.9.1-p378/lib/ruby/1.9.1/webrick/httpserver.rb:111:in `service'
  /Users/kweusijana/.rvm/rubies/ruby-1.9.1-p378/lib/ruby/1.9.1/webrick/httpserver.rb:70:in `run'
  /Users/kweusijana/.rvm/rubies/ruby-1.9.1-p378/lib/ruby/1.9.1/webrick/server.rb:183:in `block in start_thread'

Rendering rescues/layout (not_found)


Processing GuidePagesController#index to json (for 127.0.0.1 at 2010-07-05 11:26:26) [GET]
  [4;35;1mGuidePage Load (0.6ms)[0m   [0mSELECT * FROM "guide_pages" [0m
Completed in 6ms (View: 1, DB: 1) | 406 Not Acceptable [http://localhost/guide_pages?format=json]


Processing GuidePagesController#index to html (for 127.0.0.1 at 2010-07-05 11:26:48) [GET]
  [4;36;1mGuidePage Load (0.5ms)[0m   [0;1mSELECT * FROM "guide_pages" [0m
Rendering template within layouts/guide_pages
Rendering guide_pages/index
Completed in 12ms (View: 7, DB: 1) | 200 OK [http://localhost/guide_pages?format=html]


Processing GuidePagesController#index to xml (for 127.0.0.1 at 2010-07-05 11:26:53) [GET]
  [4;35;1mGuidePage Load (0.6ms)[0m   [0mSELECT * FROM "guide_pages" [0m
Completed in 1574ms (View: 1570, DB: 1) | 200 OK [http://localhost/guide_pages?format=xml]


Processing ApplicationController#index (for 127.0.0.1 at 2010-07-05 12:14:17) [GET]

ActionController::RoutingError (No route matches "/rails/guide_pages.json" with {:method=>:get}):
  <internal:prelude>:8:in `synchronize'
  /Users/kweusijana/.rvm/rubies/ruby-1.9.1-p378/lib/ruby/1.9.1/webrick/httpserver.rb:111:in `service'
  /Users/kweusijana/.rvm/rubies/ruby-1.9.1-p378/lib/ruby/1.9.1/webrick/httpserver.rb:70:in `run'
  /Users/kweusijana/.rvm/rubies/ruby-1.9.1-p378/lib/ruby/1.9.1/webrick/server.rb:183:in `block in start_thread'

Rendering rescues/layout (not_found)


Processing ApplicationController#index (for 127.0.0.1 at 2010-07-05 12:14:18) [GET]

ActionController::RoutingError (No route matches "/rails/guide_pages.json" with {:method=>:get}):
  <internal:prelude>:8:in `synchronize'
  /Users/kweusijana/.rvm/rubies/ruby-1.9.1-p378/lib/ruby/1.9.1/webrick/httpserver.rb:111:in `service'
  /Users/kweusijana/.rvm/rubies/ruby-1.9.1-p378/lib/ruby/1.9.1/webrick/httpserver.rb:70:in `run'
  /Users/kweusijana/.rvm/rubies/ruby-1.9.1-p378/lib/ruby/1.9.1/webrick/server.rb:183:in `block in start_thread'

Rendering rescues/layout (not_found)


Processing ApplicationController#index (for 127.0.0.1 at 2010-07-05 12:14:19) [GET]

ActionController::RoutingError (No route matches "/rails/dialog_turns/1.json" with {:method=>:get}):
  <internal:prelude>:8:in `synchronize'
  /Users/kweusijana/.rvm/rubies/ruby-1.9.1-p378/lib/ruby/1.9.1/webrick/httpserver.rb:111:in `service'
  /Users/kweusijana/.rvm/rubies/ruby-1.9.1-p378/lib/ruby/1.9.1/webrick/httpserver.rb:70:in `run'
  /Users/kweusijana/.rvm/rubies/ruby-1.9.1-p378/lib/ruby/1.9.1/webrick/server.rb:183:in `block in start_thread'

Rendering rescues/layout (not_found)


Processing ApplicationController#index (for 127.0.0.1 at 2010-07-05 12:14:19) [GET]

ActionController::RoutingError (No route matches "/rails/guide_pages.json" with {:method=>:get}):
  <internal:prelude>:8:in `synchronize'
  /Users/kweusijana/.rvm/rubies/ruby-1.9.1-p378/lib/ruby/1.9.1/webrick/httpserver.rb:111:in `service'
  /Users/kweusijana/.rvm/rubies/ruby-1.9.1-p378/lib/ruby/1.9.1/webrick/httpserver.rb:70:in `run'
  /Users/kweusijana/.rvm/rubies/ruby-1.9.1-p378/lib/ruby/1.9.1/webrick/server.rb:183:in `block in start_thread'

Rendering rescues/layout (not_found)


Processing ApplicationController#index (for 127.0.0.1 at 2010-07-05 12:19:51) [GET]

ActionController::RoutingError (No route matches "/rails/guide_pages.json" with {:method=>:get}):
  <internal:prelude>:8:in `synchronize'
  /Users/kweusijana/.rvm/rubies/ruby-1.9.1-p378/lib/ruby/1.9.1/webrick/httpserver.rb:111:in `service'
  /Users/kweusijana/.rvm/rubies/ruby-1.9.1-p378/lib/ruby/1.9.1/webrick/httpserver.rb:70:in `run'
  /Users/kweusijana/.rvm/rubies/ruby-1.9.1-p378/lib/ruby/1.9.1/webrick/server.rb:183:in `block in start_thread'

Rendering rescues/layout (not_found)


Processing ApplicationController#index (for 127.0.0.1 at 2010-07-05 12:19:53) [GET]

ActionController::RoutingError (No route matches "/rails/guide_pages.json" with {:method=>:get}):
  <internal:prelude>:8:in `synchronize'
  /Users/kweusijana/.rvm/rubies/ruby-1.9.1-p378/lib/ruby/1.9.1/webrick/httpserver.rb:111:in `service'
  /Users/kweusijana/.rvm/rubies/ruby-1.9.1-p378/lib/ruby/1.9.1/webrick/httpserver.rb:70:in `run'
  /Users/kweusijana/.rvm/rubies/ruby-1.9.1-p378/lib/ruby/1.9.1/webrick/server.rb:183:in `block in start_thread'

Rendering rescues/layout (not_found)


Processing ApplicationController#index (for 127.0.0.1 at 2010-07-05 12:19:53) [GET]

ActionController::RoutingError (No route matches "/rails/guide_pages.json" with {:method=>:get}):
  <internal:prelude>:8:in `synchronize'
  /Users/kweusijana/.rvm/rubies/ruby-1.9.1-p378/lib/ruby/1.9.1/webrick/httpserver.rb:111:in `service'
  /Users/kweusijana/.rvm/rubies/ruby-1.9.1-p378/lib/ruby/1.9.1/webrick/httpserver.rb:70:in `run'
  /Users/kweusijana/.rvm/rubies/ruby-1.9.1-p378/lib/ruby/1.9.1/webrick/server.rb:183:in `block in start_thread'

Rendering rescues/layout (not_found)


Processing ApplicationController#index (for 127.0.0.1 at 2010-07-05 12:19:53) [GET]

ActionController::RoutingError (No route matches "/rails/dialog_turns/1.json" with {:method=>:get}):
  <internal:prelude>:8:in `synchronize'
  /Users/kweusijana/.rvm/rubies/ruby-1.9.1-p378/lib/ruby/1.9.1/webrick/httpserver.rb:111:in `service'
  /Users/kweusijana/.rvm/rubies/ruby-1.9.1-p378/lib/ruby/1.9.1/webrick/httpserver.rb:70:in `run'
  /Users/kweusijana/.rvm/rubies/ruby-1.9.1-p378/lib/ruby/1.9.1/webrick/server.rb:183:in `block in start_thread'

Rendering rescues/layout (not_found)


Processing ApplicationController#index (for 127.0.0.1 at 2010-07-05 12:19:53) [GET]

ActionController::RoutingError (No route matches "/rails/guide_pages.json" with {:method=>:get}):
  <internal:prelude>:8:in `synchronize'
  /Users/kweusijana/.rvm/rubies/ruby-1.9.1-p378/lib/ruby/1.9.1/webrick/httpserver.rb:111:in `service'
  /Users/kweusijana/.rvm/rubies/ruby-1.9.1-p378/lib/ruby/1.9.1/webrick/httpserver.rb:70:in `run'
  /Users/kweusijana/.rvm/rubies/ruby-1.9.1-p378/lib/ruby/1.9.1/webrick/server.rb:183:in `block in start_thread'

Rendering rescues/layout (not_found)


Processing GuidePagesController#index to json (for 127.0.0.1 at 2010-07-05 12:20:42) [GET]
  [4;36;1mGuidePage Load (0.7ms)[0m   [0;1mSELECT * FROM "guide_pages" [0m
Completed in 42ms (View: 32, DB: 1) | 200 OK [http://localhost/guide_pages?format=json]


Processing GuidePagesController#index to json (for 127.0.0.1 at 2010-07-05 12:21:38) [GET]
  [4;35;1mGuidePage Load (0.5ms)[0m   [0mSELECT * FROM "guide_pages" [0m
Completed in 11ms (View: 1, DB: 1) | 200 OK [http://localhost/guide_pages.json]


Processing ApplicationController#index (for 127.0.0.1 at 2010-07-05 12:23:02) [GET]

ActionController::RoutingError (No route matches "/rails/guide_pages.json" with {:method=>:get}):
  <internal:prelude>:8:in `synchronize'
  /Users/kweusijana/.rvm/rubies/ruby-1.9.1-p378/lib/ruby/1.9.1/webrick/httpserver.rb:111:in `service'
  /Users/kweusijana/.rvm/rubies/ruby-1.9.1-p378/lib/ruby/1.9.1/webrick/httpserver.rb:70:in `run'
  /Users/kweusijana/.rvm/rubies/ruby-1.9.1-p378/lib/ruby/1.9.1/webrick/server.rb:183:in `block in start_thread'

Rendering rescues/layout (not_found)


Processing GuidePagesController#index to json (for 127.0.0.1 at 2010-07-05 12:24:42) [GET]
  [4;36;1mGuidePage Load (0.5ms)[0m   [0;1mSELECT * FROM "guide_pages" [0m
Completed in 12ms (View: 1, DB: 1) | 200 OK [http://localhost/guide_pages.json]


Processing GuidePagesController#index (for 127.0.0.1 at 2010-07-05 12:24:52) [GET]
  [4;35;1mGuidePage Load (0.6ms)[0m   [0mSELECT * FROM "guide_pages" [0m
Rendering template within layouts/guide_pages
Rendering guide_pages/index
Completed in 12ms (View: 3, DB: 1) | 200 OK [http://localhost/guide_pages]


Processing ApplicationController#index (for 127.0.0.1 at 2010-07-05 12:26:35) [GET]

ActionController::RoutingError (No route matches "/rails/guide_pages.json" with {:method=>:get}):
  <internal:prelude>:8:in `synchronize'
  /Users/kweusijana/.rvm/rubies/ruby-1.9.1-p378/lib/ruby/1.9.1/webrick/httpserver.rb:111:in `service'
  /Users/kweusijana/.rvm/rubies/ruby-1.9.1-p378/lib/ruby/1.9.1/webrick/httpserver.rb:70:in `run'
  /Users/kweusijana/.rvm/rubies/ruby-1.9.1-p378/lib/ruby/1.9.1/webrick/server.rb:183:in `block in start_thread'

Rendering rescues/layout (not_found)


Processing ApplicationController#index (for 127.0.0.1 at 2010-07-05 12:26:36) [GET]

ActionController::RoutingError (No route matches "/rails/guide_pages.json" with {:method=>:get}):
  <internal:prelude>:8:in `synchronize'
  /Users/kweusijana/.rvm/rubies/ruby-1.9.1-p378/lib/ruby/1.9.1/webrick/httpserver.rb:111:in `service'
  /Users/kweusijana/.rvm/rubies/ruby-1.9.1-p378/lib/ruby/1.9.1/webrick/httpserver.rb:70:in `run'
  /Users/kweusijana/.rvm/rubies/ruby-1.9.1-p378/lib/ruby/1.9.1/webrick/server.rb:183:in `block in start_thread'

Rendering rescues/layout (not_found)


Processing ApplicationController#index (for 127.0.0.1 at 2010-07-05 12:26:36) [GET]

ActionController::RoutingError (No route matches "/rails/guide_pages.json" with {:method=>:get}):
  <internal:prelude>:8:in `synchronize'
  /Users/kweusijana/.rvm/rubies/ruby-1.9.1-p378/lib/ruby/1.9.1/webrick/httpserver.rb:111:in `service'
  /Users/kweusijana/.rvm/rubies/ruby-1.9.1-p378/lib/ruby/1.9.1/webrick/httpserver.rb:70:in `run'
  /Users/kweusijana/.rvm/rubies/ruby-1.9.1-p378/lib/ruby/1.9.1/webrick/server.rb:183:in `block in start_thread'

Rendering rescues/layout (not_found)


Processing ApplicationController#index (for 127.0.0.1 at 2010-07-05 12:26:36) [GET]

ActionController::RoutingError (No route matches "/rails/dialog_turns/1.json" with {:method=>:get}):
  <internal:prelude>:8:in `synchronize'
  /Users/kweusijana/.rvm/rubies/ruby-1.9.1-p378/lib/ruby/1.9.1/webrick/httpserver.rb:111:in `service'
  /Users/kweusijana/.rvm/rubies/ruby-1.9.1-p378/lib/ruby/1.9.1/webrick/httpserver.rb:70:in `run'
  /Users/kweusijana/.rvm/rubies/ruby-1.9.1-p378/lib/ruby/1.9.1/webrick/server.rb:183:in `block in start_thread'

Rendering rescues/layout (not_found)


Processing ApplicationController#index (for 127.0.0.1 at 2010-07-05 12:26:37) [GET]

ActionController::RoutingError (No route matches "/rails/guide_pages.json" with {:method=>:get}):
  <internal:prelude>:8:in `synchronize'
  /Users/kweusijana/.rvm/rubies/ruby-1.9.1-p378/lib/ruby/1.9.1/webrick/httpserver.rb:111:in `service'
  /Users/kweusijana/.rvm/rubies/ruby-1.9.1-p378/lib/ruby/1.9.1/webrick/httpserver.rb:70:in `run'
  /Users/kweusijana/.rvm/rubies/ruby-1.9.1-p378/lib/ruby/1.9.1/webrick/server.rb:183:in `block in start_thread'

Rendering rescues/layout (not_found)


Processing GuidePageSequencesController#index (for 127.0.0.1 at 2010-07-05 12:58:46) [GET]
  [4;36;1mGuidePageSequence Load (1.8ms)[0m   [0;1mSELECT * FROM "guide_page_sequences" [0m
  [4;35;1mGuidePage Load (0.2ms)[0m   [0mSELECT * FROM "guide_pages" WHERE ("guide_pages".guide_page_sequence_id = 1) [0m
Rendering template within layouts/guide_page_sequences
Rendering guide_page_sequences/index
Completed in 177ms (View: 55, DB: 2) | 200 OK [http://localhost/guide_page_sequences]


Processing GuidePageSequencesController#index (for 127.0.0.1 at 2010-07-05 12:58:55) [GET]
  [4;36;1mGuidePageSequence Load (0.5ms)[0m   [0;1mSELECT * FROM "guide_page_sequences" [0m
  [4;35;1mGuidePage Load (0.2ms)[0m   [0mSELECT * FROM "guide_pages" WHERE ("guide_pages".guide_page_sequence_id = 1) [0m
Rendering template within layouts/guide_page_sequences
Rendering guide_page_sequences/index
Completed in 15ms (View: 3, DB: 1) | 200 OK [http://localhost/rails/guide_page_sequences]


Processing GuidePagesController#index (for 127.0.0.1 at 2010-07-05 12:59:03) [GET]
  [4;36;1mGuidePage Load (0.7ms)[0m   [0;1mSELECT * FROM "guide_pages" [0m
Rendering template within layouts/guide_pages
Rendering guide_pages/index
Completed in 36ms (View: 26, DB: 1) | 200 OK [http://localhost/rails/guide_pages]


Processing DialogTurnsController#index (for 127.0.0.1 at 2010-07-05 12:59:10) [GET]
  [4;35;1mDialogTurn Load (0.6ms)[0m   [0mSELECT * FROM "dialog_turns" [0m

NameError (uninitialized constant DialogTurn::StaticAnnotation):
  app/controllers/application_controller.rb:27:in `block in sproutcore_json'
  app/controllers/application_controller.rb:24:in `each'
  app/controllers/application_controller.rb:24:in `sproutcore_json'
  app/controllers/dialog_turns_controller.rb:10:in `block (2 levels) in index'
  app/controllers/dialog_turns_controller.rb:10:in `map'
  app/controllers/dialog_turns_controller.rb:10:in `block in index'
  app/controllers/dialog_turns_controller.rb:7:in `index'
  <internal:prelude>:8:in `synchronize'
  /Users/kweusijana/.rvm/rubies/ruby-1.9.1-p378/lib/ruby/1.9.1/webrick/httpserver.rb:111:in `service'
  /Users/kweusijana/.rvm/rubies/ruby-1.9.1-p378/lib/ruby/1.9.1/webrick/httpserver.rb:70:in `run'
  /Users/kweusijana/.rvm/rubies/ruby-1.9.1-p378/lib/ruby/1.9.1/webrick/server.rb:183:in `block in start_thread'

Rendered rescues/_trace (88.4ms)
Rendered rescues/_request_and_response (1.3ms)
Rendering rescues/layout (internal_server_error)


Processing StaticAnnotationsController#index (for 127.0.0.1 at 2010-07-05 12:59:21) [GET]
  [4;36;1mStaticAnnotations Load (0.4ms)[0m   [0;1mSELECT * FROM "static_annotations" [0m
Rendering template within layouts/static_annotations
Rendering static_annotations/index

ActionView::TemplateError (undefined local variable or method `new_static_annotations_path' for #<ActionView::Base:0x00000100ee4e68>) on line #24 of app/views/static_annotations/index.html.erb:
21: 
22: <br />
23: 
24: <%= link_to 'New static_annotations', new_static_annotations_path %>

    app/views/static_annotations/index.html.erb:24
    app/controllers/static_annotations_controller.rb:7:in `index'
    <internal:prelude>:8:in `synchronize'
    /Users/kweusijana/.rvm/rubies/ruby-1.9.1-p378/lib/ruby/1.9.1/webrick/httpserver.rb:111:in `service'
    /Users/kweusijana/.rvm/rubies/ruby-1.9.1-p378/lib/ruby/1.9.1/webrick/httpserver.rb:70:in `run'
    /Users/kweusijana/.rvm/rubies/ruby-1.9.1-p378/lib/ruby/1.9.1/webrick/server.rb:183:in `block in start_thread'

Rendered rescues/_trace (151.0ms)
Rendered rescues/_request_and_response (0.3ms)
Rendering rescues/layout (internal_server_error)
